<?xml version="1.0" encoding="UTF-8"?>
<testsuite xmlns:xsi="http://www.w3.org/2001/XMLSchema-instance" xsi:noNamespaceSchemaLocation="https://maven.apache.org/surefire/maven-surefire-plugin/xsd/surefire-test-report-3.0.xsd" version="3.0" name="org.jrimum.domkee.financeiro.banco.ParametrosBancariosMapTest" time="0.032" tests="32" errors="0" skipped="0" failures="0">
  <properties>
    <property name="java.specification.version" value="18"/>
    <property name="sun.cpu.isalist" value="amd64"/>
    <property name="sun.jnu.encoding" value="Cp1252"/>
    <property name="java.class.path" value="D:\software\workspace\jrimum-domkee\target\test-classes;D:\software\workspace\jrimum-domkee\target\classes;D:\MAVEN.M2\org\jrimum\jrimum-vallia\1.0.0-DEV-SNAPSHOT\jrimum-vallia-1.0.0-DEV-SNAPSHOT.jar;D:\MAVEN.M2\org\jrimum\jrimum-utilix\1.0.0-DEV-SNAPSHOT\jrimum-utilix-1.0.0-DEV-SNAPSHOT.jar;D:\MAVEN.M2\org\apache\commons\commons-lang3\3.12.0\commons-lang3-3.12.0.jar;D:\MAVEN.M2\org\apache\logging\log4j\log4j-api\2.23.1\log4j-api-2.23.1.jar;D:\MAVEN.M2\org\apache\logging\log4j\log4j-core\2.23.1\log4j-core-2.23.1.jar;D:\MAVEN.M2\junit\junit\4.11\junit-4.11.jar;D:\MAVEN.M2\org\hamcrest\hamcrest-core\1.3\hamcrest-core-1.3.jar;D:\MAVEN.M2\com\google\guava\guava\27.1-jre\guava-27.1-jre.jar;D:\MAVEN.M2\com\google\guava\failureaccess\1.0.1\failureaccess-1.0.1.jar;D:\MAVEN.M2\com\google\guava\listenablefuture\9999.0-empty-to-avoid-conflict-with-guava\listenablefuture-9999.0-empty-to-avoid-conflict-with-guava.jar;D:\MAVEN.M2\com\google\code\findbugs\jsr305\3.0.2\jsr305-3.0.2.jar;D:\MAVEN.M2\org\checkerframework\checker-qual\2.5.2\checker-qual-2.5.2.jar;D:\MAVEN.M2\com\google\errorprone\error_prone_annotations\2.2.0\error_prone_annotations-2.2.0.jar;D:\MAVEN.M2\com\google\j2objc\j2objc-annotations\1.1\j2objc-annotations-1.1.jar;D:\MAVEN.M2\org\codehaus\mojo\animal-sniffer-annotations\1.17\animal-sniffer-annotations-1.17.jar;D:\MAVEN.M2\org\hamcrest\hamcrest\2.2\hamcrest-2.2.jar;"/>
    <property name="java.vm.vendor" value="Oracle Corporation"/>
    <property name="sun.arch.data.model" value="64"/>
    <property name="user.variant" value=""/>
    <property name="java.vendor.url" value="https://java.oracle.com/"/>
    <property name="user.timezone" value="America/Sao_Paulo"/>
    <property name="os.name" value="Windows 11"/>
    <property name="java.vm.specification.version" value="18"/>
    <property name="sun.java.launcher" value="SUN_STANDARD"/>
    <property name="user.country" value="BR"/>
    <property name="sun.boot.library.path" value="D:\software\jdk-18.0.2\bin"/>
    <property name="sun.java.command" value="C:\Users\Andre Such\AppData\Local\Temp\surefire11655024775879551268\surefirebooter-20240320213725064_3.jar C:\Users\Andre Such\AppData\Local\Temp\surefire11655024775879551268 2024-03-20T21-37-24_928-jvmRun1 surefire-20240320213725064_1tmp surefire_0-20240320213725064_2tmp"/>
    <property name="jdk.debug" value="release"/>
    <property name="surefire.test.class.path" value="D:\software\workspace\jrimum-domkee\target\test-classes;D:\software\workspace\jrimum-domkee\target\classes;D:\MAVEN.M2\org\jrimum\jrimum-vallia\1.0.0-DEV-SNAPSHOT\jrimum-vallia-1.0.0-DEV-SNAPSHOT.jar;D:\MAVEN.M2\org\jrimum\jrimum-utilix\1.0.0-DEV-SNAPSHOT\jrimum-utilix-1.0.0-DEV-SNAPSHOT.jar;D:\MAVEN.M2\org\apache\commons\commons-lang3\3.12.0\commons-lang3-3.12.0.jar;D:\MAVEN.M2\org\apache\logging\log4j\log4j-api\2.23.1\log4j-api-2.23.1.jar;D:\MAVEN.M2\org\apache\logging\log4j\log4j-core\2.23.1\log4j-core-2.23.1.jar;D:\MAVEN.M2\junit\junit\4.11\junit-4.11.jar;D:\MAVEN.M2\org\hamcrest\hamcrest-core\1.3\hamcrest-core-1.3.jar;D:\MAVEN.M2\com\google\guava\guava\27.1-jre\guava-27.1-jre.jar;D:\MAVEN.M2\com\google\guava\failureaccess\1.0.1\failureaccess-1.0.1.jar;D:\MAVEN.M2\com\google\guava\listenablefuture\9999.0-empty-to-avoid-conflict-with-guava\listenablefuture-9999.0-empty-to-avoid-conflict-with-guava.jar;D:\MAVEN.M2\com\google\code\findbugs\jsr305\3.0.2\jsr305-3.0.2.jar;D:\MAVEN.M2\org\checkerframework\checker-qual\2.5.2\checker-qual-2.5.2.jar;D:\MAVEN.M2\com\google\errorprone\error_prone_annotations\2.2.0\error_prone_annotations-2.2.0.jar;D:\MAVEN.M2\com\google\j2objc\j2objc-annotations\1.1\j2objc-annotations-1.1.jar;D:\MAVEN.M2\org\codehaus\mojo\animal-sniffer-annotations\1.17\animal-sniffer-annotations-1.17.jar;D:\MAVEN.M2\org\hamcrest\hamcrest\2.2\hamcrest-2.2.jar;"/>
    <property name="sun.cpu.endian" value="little"/>
    <property name="user.home" value="C:\Users\Andre Such"/>
    <property name="user.language" value="pt"/>
    <property name="java.specification.vendor" value="Oracle Corporation"/>
    <property name="java.version.date" value="2022-07-19"/>
    <property name="java.home" value="D:\software\jdk-18.0.2"/>
    <property name="file.separator" value="\"/>
    <property name="basedir" value="D:\software\workspace\jrimum-domkee"/>
    <property name="style.color" value="always"/>
    <property name="java.vm.compressedOopsMode" value="Zero based"/>
    <property name="line.separator" value="&#10;"/>
    <property name="java.vm.specification.vendor" value="Oracle Corporation"/>
    <property name="java.specification.name" value="Java Platform API Specification"/>
    <property name="surefire.real.class.path" value="C:\Users\Andre Such\AppData\Local\Temp\surefire11655024775879551268\surefirebooter-20240320213725064_3.jar"/>
    <property name="user.script" value=""/>
    <property name="sun.management.compiler" value="HotSpot 64-Bit Tiered Compilers"/>
    <property name="java.runtime.version" value="18.0.2+9-61"/>
    <property name="user.name" value="Andre Such"/>
    <property name="path.separator" value=";"/>
    <property name="os.version" value="10.0"/>
    <property name="java.runtime.name" value="OpenJDK Runtime Environment"/>
    <property name="file.encoding" value="UTF-8"/>
    <property name="java.vm.name" value="OpenJDK 64-Bit Server VM"/>
    <property name="localRepository" value="D:\MAVEN.M2"/>
    <property name="java.vendor.url.bug" value="https://bugreport.java.com/bugreport/"/>
    <property name="java.io.tmpdir" value="C:\Users\ANDRES~1\AppData\Local\Temp\"/>
    <property name="java.version" value="18.0.2"/>
    <property name="user.dir" value="D:\software\workspace\jrimum-domkee"/>
    <property name="os.arch" value="amd64"/>
    <property name="java.vm.specification.name" value="Java Virtual Machine Specification"/>
    <property name="sun.os.patch.level" value=""/>
    <property name="native.encoding" value="Cp1252"/>
    <property name="java.library.path" value="D:\software\jdk-18.0.2\bin;C:\WINDOWS\Sun\Java\bin;C:\WINDOWS\system32;C:\WINDOWS;D:/software/eclipse2023//plugins/org.eclipse.justj.openjdk.hotspot.jre.full.win32.x86_64_17.0.10.v20240120-1143/jre/bin/server;D:/software/eclipse2023//plugins/org.eclipse.justj.openjdk.hotspot.jre.full.win32.x86_64_17.0.10.v20240120-1143/jre/bin;C:\Python312\Scripts\;C:\Python312\;C:\Windows\system32;C:\Windows;C:\Windows\System32\Wbem;C:\Windows\System32\WindowsPowerShell\v1.0\;C:\Windows\System32\OpenSSH\;C:\Program Files\dotnet\;C:\Program Files (x86)\Intel\Intel(R) Management Engine Components\DAL;C:\Program Files\Intel\Intel(R) Management Engine Components\DAL;C:\Program Files (x86)\NVIDIA Corporation\PhysX\Common;C:\Program Files\nodejs\;C:\Program Files (x86)\GitExtensions\;C:\ProgramData\chocolatey\bin;;%SystemRoot%\system32;%SystemRoot%;%SystemRoot%\System32\Wbem;%SYSTEMROOT%\System32\WindowsPowerShell\v1.0\;%SYSTEMROOT%\System32\OpenSSH\;C:\Users\Andre Such\AppData\Local\Microsoft\WindowsApps;C:\Users\Andre Such\AppData\Roaming\npm;C:\Users\Andre Such\AppData\Local\Programs\EmEditor;C:\Users\Andre Such\AppData\Local\Programs\Microsoft VS Code\bin;;D:\software\eclipse2023;;."/>
    <property name="java.vm.info" value="mixed mode, sharing"/>
    <property name="java.vendor" value="Oracle Corporation"/>
    <property name="java.vm.version" value="18.0.2+9-61"/>
    <property name="sun.io.unicode.encoding" value="UnicodeLittle"/>
    <property name="java.class.version" value="62.0"/>
  </properties>
  <testcase name="deve_indicar_que__nao_contem_um_parametro_que_nao_estah_no_mapa" classname="org.jrimum.domkee.financeiro.banco.ParametrosBancariosMapTest" time="0.0"/>
  <testcase name="deve_retornar_os_nomes_contidos_no_map" classname="org.jrimum.domkee.financeiro.banco.ParametrosBancariosMapTest" time="0.012"/>
  <testcase name="deve_lancar_excecao_ao_tentar_adicionar_um_outro_objeto_parametro_bancario_map_null" classname="org.jrimum.domkee.financeiro.banco.ParametrosBancariosMapTest" time="0.0"/>
  <testcase name="deve_indicar_que_nao_tem_elementos_quando_o_map_passado_eh_nulo" classname="org.jrimum.domkee.financeiro.banco.ParametrosBancariosMapTest" time="0.0"/>
  <testcase name="deve_retornar_null_quando_o_valor_nao_existe_no_map" classname="org.jrimum.domkee.financeiro.banco.ParametrosBancariosMapTest" time="0.0"/>
  <testcase name="deve_indicar_o_oposto_que_eh_vazio_quando_nao_existem_parametros_no_map" classname="org.jrimum.domkee.financeiro.banco.ParametrosBancariosMapTest" time="0.0"/>
  <testcase name="deve_estar_vazio_na_instanciacao_sem_parametros" classname="org.jrimum.domkee.financeiro.banco.ParametrosBancariosMapTest" time="0.0"/>
  <testcase name="deve_indicar_que_nao_eh_vazio_quando_existem_parametros_no_map" classname="org.jrimum.domkee.financeiro.banco.ParametrosBancariosMapTest" time="0.0"/>
  <testcase name="deve_lancar_excessao_caso_os_parametros_sejam_nulos" classname="org.jrimum.domkee.financeiro.banco.ParametrosBancariosMapTest" time="0.0"/>
  <testcase name="deve_adicionar_todos_os_parametros_de_um_outro_objeto_parametro_bancario_map_corretamente" classname="org.jrimum.domkee.financeiro.banco.ParametrosBancariosMapTest" time="0.001"/>
  <testcase name="deve_lancar_excessao_caso_o_nome_do_parametro_seja_nulo" classname="org.jrimum.domkee.financeiro.banco.ParametrosBancariosMapTest" time="0.0"/>
  <testcase name="deve_adicionar_um_parametro_e_um_valor_corretamente" classname="org.jrimum.domkee.financeiro.banco.ParametrosBancariosMapTest" time="0.0"/>
  <testcase name="deve_retornar_o_numero_de_parametros_correto" classname="org.jrimum.domkee.financeiro.banco.ParametrosBancariosMapTest" time="0.0"/>
  <testcase name="deve_lancar_excessao_ao_adicionar_nome_nulo" classname="org.jrimum.domkee.financeiro.banco.ParametrosBancariosMapTest" time="0.0"/>
  <testcase name="deve_indicar_que__nao_contem_um_valor_que_nao_estah_no_mapa" classname="org.jrimum.domkee.financeiro.banco.ParametrosBancariosMapTest" time="0.001"/>
  <testcase name="deve_indicar_o_oposto_que_nao_eh_vazio_quando_existem_parametros_no_map" classname="org.jrimum.domkee.financeiro.banco.ParametrosBancariosMapTest" time="0.0"/>
  <testcase name="deve_indicar_que_contem_um_valor_que_estah_no_mapa" classname="org.jrimum.domkee.financeiro.banco.ParametrosBancariosMapTest" time="0.0"/>
  <testcase name="deve_indicar_que_contem_um_parametro_que_estah_no_mapa" classname="org.jrimum.domkee.financeiro.banco.ParametrosBancariosMapTest" time="0.0"/>
  <testcase name="deve_indicar_que_tem_elementos_quando_o_map_passado_tem_mais_de_um_elementos" classname="org.jrimum.domkee.financeiro.banco.ParametrosBancariosMapTest" time="0.001"/>
  <testcase name="deve_retornar_o_conjunto_de_entradas_do_map" classname="org.jrimum.domkee.financeiro.banco.ParametrosBancariosMapTest" time="0.0"/>
  <testcase name="deve_remover_o_parametro_do_map_corretamente" classname="org.jrimum.domkee.financeiro.banco.ParametrosBancariosMapTest" time="0.0"/>
  <testcase name="deve_indicar_que_nao_tem_elementos_quando_o_map_passado_eh_vazio" classname="org.jrimum.domkee.financeiro.banco.ParametrosBancariosMapTest" time="0.0"/>
  <testcase name="deve_retornar_os_valores_contidos_no_map" classname="org.jrimum.domkee.financeiro.banco.ParametrosBancariosMapTest" time="0.007"/>
  <testcase name="deve_lancar_excecao_ao_tentar_remover_parametro_null" classname="org.jrimum.domkee.financeiro.banco.ParametrosBancariosMapTest" time="0.0"/>
  <testcase name="deve_conter_um_parametro_na_instanciacao_com_parametros" classname="org.jrimum.domkee.financeiro.banco.ParametrosBancariosMapTest" time="0.001"/>
  <testcase name="deve_lancar_excessao_ao_adicionar_nome_e_valor_nulos" classname="org.jrimum.domkee.financeiro.banco.ParametrosBancariosMapTest" time="0.0"/>
  <testcase name="deve_remover_todos_os_parametros_do_map_corretamente" classname="org.jrimum.domkee.financeiro.banco.ParametrosBancariosMapTest" time="0.0"/>
  <testcase name="deve_lancar_excessao_ao_adicionar_valor_nulo" classname="org.jrimum.domkee.financeiro.banco.ParametrosBancariosMapTest" time="0.0"/>
  <testcase name="deve_indicar_que_tem_elementos_quando_o_map_passado_tem__apenas_um_elemento" classname="org.jrimum.domkee.financeiro.banco.ParametrosBancariosMapTest" time="0.001"/>
  <testcase name="deve_indicar_que_eh_vazio_quando_nao_existem_parametros_no_map" classname="org.jrimum.domkee.financeiro.banco.ParametrosBancariosMapTest" time="0.0"/>
  <testcase name="deve_retornar_um_valor_que_esteja_no_map" classname="org.jrimum.domkee.financeiro.banco.ParametrosBancariosMapTest" time="0.001"/>
  <testcase name="deve_lancar_excessao_caso_o_valor_do_parametro_seja_nulo" classname="org.jrimum.domkee.financeiro.banco.ParametrosBancariosMapTest" time="0.001"/>
</testsuite>